<component name="libraryTable">
  <library name="junit-4.9">
    <CLASSES>
      <root url="jar://$MAVEN_REPOSITORY$/junit/junit/4.9/junit-4.9.jar!/" />
    </CLASSES>
    <JAVADOC />
    <SOURCES />
  </library>
</component>