<component name="libraryTable">
  <library name="junit-3.8.2">
    <CLASSES>
      <root url="jar://D:/install/maven/maven_repository/junit/junit/3.8.2/junit-3.8.2.jar!/" />
    </CLASSES>
    <JAVADOC />
    <SOURCES />
  </library>
</component>